<?xml version="1.0" encoding="UTF-8"?>
<testng-results ignored="0" total="1" passed="1" failed="0" skipped="0">
  <reporter-output>
  </reporter-output>
  <suite started-at="2023-10-23T09:58:57Z" name="Default suite" finished-at="2023-10-23T09:59:03Z" duration-ms="6578">
    <groups>
    </groups>
    <test started-at="2023-10-23T09:58:57Z" name="Default test" finished-at="2023-10-23T09:59:03Z" duration-ms="6578">
      <class name="com.shay.Web_Automation_Baics.DropDown">
        <test-method is-config="true" signature="startBrowser()[pri:0, instance:com.shay.Web_Automation_Baics.DropDown@7fcf2fc1]" started-at="2023-10-23T15:58:53Z" name="startBrowser" finished-at="2023-10-23T15:58:57Z" duration-ms="3853" status="PASS">
          <reporter-output>
          </reporter-output>
        </test-method> <!-- startBrowser -->
        <test-method signature="dropDwonTest()[pri:0, instance:com.shay.Web_Automation_Baics.DropDown@7fcf2fc1]" started-at="2023-10-23T15:58:57Z" name="dropDwonTest" finished-at="2023-10-23T15:59:03Z" duration-ms="6526" status="PASS">
          <reporter-output>
          </reporter-output>
        </test-method> <!-- dropDwonTest -->
        <test-method is-config="true" signature="close()[pri:0, instance:com.shay.Web_Automation_Baics.DropDown@7fcf2fc1]" started-at="2023-10-23T15:59:03Z" name="close" finished-at="2023-10-23T15:59:03Z" duration-ms="179" status="PASS">
          <reporter-output>
          </reporter-output>
        </test-method> <!-- close -->
      </class> <!-- com.shay.Web_Automation_Baics.DropDown -->
    </test> <!-- Default test -->
  </suite> <!-- Default suite -->
</testng-results>
